17:49:34.028 testclasses.Test1.beforeMethod(Test1.java:66) Test1 -Chrome Browser launched successfully...
17:49:35.050 page.classes.HomePage.loginCustomer(HomePage.java:127) HomePage -Login successful
17:49:35.732 page.classes.AccountOverview.payBill(AccountOverview.java:246) AccountOverview -Navigating to Bill Payment page
17:49:36.630 page.classes.AccountOverview.payBill(AccountOverview.java:259) AccountOverview -Entered all the details
17:49:36.765 page.classes.AccountOverview.payBill(AccountOverview.java:264) AccountOverview -Bill Payment Complete
17:49:40.551 freemarker.log._Log4jLoggerFactory$Log4jLogger.debug(_Log4jLoggerFactory.java:45) cache -Couldn't find template in cache for "spark/test.ftl"("en", UTF-8, parsed); will try to load it.
17:49:40.553 freemarker.log._Log4jLoggerFactory$Log4jLogger.debug(_Log4jLoggerFactory.java:45) cache -TemplateLoader.findTemplateSource("spark/test_en.ftl"): Not found
17:49:40.556 freemarker.log._Log4jLoggerFactory$Log4jLogger.debug(_Log4jLoggerFactory.java:45) cache -TemplateLoader.findTemplateSource("spark/test.ftl"): Found
17:49:40.556 freemarker.log._Log4jLoggerFactory$Log4jLogger.debug(_Log4jLoggerFactory.java:45) cache -Loading template for "spark/test.ftl"("en", UTF-8, parsed) from "jar:file:/C:/Users/chpa1122/.m2/repository/com/aventstack/extentreports/4.0.9/extentreports-4.0.9.jar!/com/aventstack/extentreports/view/spark/test.ftl"
17:49:40.708 freemarker.log._Log4jLoggerFactory$Log4jLogger.debug(_Log4jLoggerFactory.java:45) cache -Couldn't find template in cache for "commons/commons-variables.ftl"("en", UTF-8, parsed); will try to load it.
17:49:40.710 freemarker.log._Log4jLoggerFactory$Log4jLogger.debug(_Log4jLoggerFactory.java:45) cache -TemplateLoader.findTemplateSource("commons/commons-variables_en.ftl"): Not found
17:49:40.710 freemarker.log._Log4jLoggerFactory$Log4jLogger.debug(_Log4jLoggerFactory.java:45) cache -TemplateLoader.findTemplateSource("commons/commons-variables.ftl"): Found
17:49:40.711 freemarker.log._Log4jLoggerFactory$Log4jLogger.debug(_Log4jLoggerFactory.java:45) cache -Loading template for "commons/commons-variables.ftl"("en", UTF-8, parsed) from "jar:file:/C:/Users/chpa1122/.m2/repository/com/aventstack/extentreports/4.0.9/extentreports-4.0.9.jar!/com/aventstack/extentreports/view/commons/commons-variables.ftl"
17:49:40.775 freemarker.log._Log4jLoggerFactory$Log4jLogger.debug(_Log4jLoggerFactory.java:45) cache -Couldn't find template in cache for "commons/commons-macros.ftl"("en", UTF-8, parsed); will try to load it.
17:49:40.776 freemarker.log._Log4jLoggerFactory$Log4jLogger.debug(_Log4jLoggerFactory.java:45) cache -TemplateLoader.findTemplateSource("commons/commons-macros_en.ftl"): Not found
17:49:40.777 freemarker.log._Log4jLoggerFactory$Log4jLogger.debug(_Log4jLoggerFactory.java:45) cache -TemplateLoader.findTemplateSource("commons/commons-macros.ftl"): Found
17:49:40.778 freemarker.log._Log4jLoggerFactory$Log4jLogger.debug(_Log4jLoggerFactory.java:45) cache -Loading template for "commons/commons-macros.ftl"("en", UTF-8, parsed) from "jar:file:/C:/Users/chpa1122/.m2/repository/com/aventstack/extentreports/4.0.9/extentreports-4.0.9.jar!/com/aventstack/extentreports/view/commons/commons-macros.ftl"
17:49:40.784 freemarker.log._Log4jLoggerFactory$Log4jLogger.debug(_Log4jLoggerFactory.java:45) cache -Couldn't find template in cache for "spark/macros/attributes.ftl"("en", UTF-8, parsed); will try to load it.
17:49:40.785 freemarker.log._Log4jLoggerFactory$Log4jLogger.debug(_Log4jLoggerFactory.java:45) cache -TemplateLoader.findTemplateSource("spark/macros/attributes_en.ftl"): Not found
17:49:40.786 freemarker.log._Log4jLoggerFactory$Log4jLogger.debug(_Log4jLoggerFactory.java:45) cache -TemplateLoader.findTemplateSource("spark/macros/attributes.ftl"): Found
17:49:40.787 freemarker.log._Log4jLoggerFactory$Log4jLogger.debug(_Log4jLoggerFactory.java:45) cache -Loading template for "spark/macros/attributes.ftl"("en", UTF-8, parsed) from "jar:file:/C:/Users/chpa1122/.m2/repository/com/aventstack/extentreports/4.0.9/extentreports-4.0.9.jar!/com/aventstack/extentreports/view/spark/macros/attributes.ftl"
17:49:40.789 freemarker.log._Log4jLoggerFactory$Log4jLogger.debug(_Log4jLoggerFactory.java:45) cache -Couldn't find template in cache for "spark/macros/log.ftl"("en", UTF-8, parsed); will try to load it.
17:49:40.789 freemarker.log._Log4jLoggerFactory$Log4jLogger.debug(_Log4jLoggerFactory.java:45) cache -TemplateLoader.findTemplateSource("spark/macros/log_en.ftl"): Not found
17:49:40.790 freemarker.log._Log4jLoggerFactory$Log4jLogger.debug(_Log4jLoggerFactory.java:45) cache -TemplateLoader.findTemplateSource("spark/macros/log.ftl"): Found
17:49:40.791 freemarker.log._Log4jLoggerFactory$Log4jLogger.debug(_Log4jLoggerFactory.java:45) cache -Loading template for "spark/macros/log.ftl"("en", UTF-8, parsed) from "jar:file:/C:/Users/chpa1122/.m2/repository/com/aventstack/extentreports/4.0.9/extentreports-4.0.9.jar!/com/aventstack/extentreports/view/spark/macros/log.ftl"
17:49:40.793 freemarker.log._Log4jLoggerFactory$Log4jLogger.debug(_Log4jLoggerFactory.java:45) cache -Couldn't find template in cache for "spark/macros/recurse_nodes.ftl"("en", UTF-8, parsed); will try to load it.
17:49:40.794 freemarker.log._Log4jLoggerFactory$Log4jLogger.debug(_Log4jLoggerFactory.java:45) cache -TemplateLoader.findTemplateSource("spark/macros/recurse_nodes_en.ftl"): Not found
17:49:40.794 freemarker.log._Log4jLoggerFactory$Log4jLogger.debug(_Log4jLoggerFactory.java:45) cache -TemplateLoader.findTemplateSource("spark/macros/recurse_nodes.ftl"): Found
17:49:40.795 freemarker.log._Log4jLoggerFactory$Log4jLogger.debug(_Log4jLoggerFactory.java:45) cache -Loading template for "spark/macros/recurse_nodes.ftl"("en", UTF-8, parsed) from "jar:file:/C:/Users/chpa1122/.m2/repository/com/aventstack/extentreports/4.0.9/extentreports-4.0.9.jar!/com/aventstack/extentreports/view/spark/macros/recurse_nodes.ftl"
17:49:40.797 freemarker.log._Log4jLoggerFactory$Log4jLogger.debug(_Log4jLoggerFactory.java:45) cache -"spark/macros/log.ftl"("en", UTF-8, parsed) cached copy not yet stale; using cached.
17:49:40.803 freemarker.log._Log4jLoggerFactory$Log4jLogger.debug(_Log4jLoggerFactory.java:45) cache -Couldn't find template in cache for "spark/partials/head.ftl"("en", UTF-8, parsed); will try to load it.
17:49:40.804 freemarker.log._Log4jLoggerFactory$Log4jLogger.debug(_Log4jLoggerFactory.java:45) cache -TemplateLoader.findTemplateSource("spark/partials/head_en.ftl"): Not found
17:49:40.805 freemarker.log._Log4jLoggerFactory$Log4jLogger.debug(_Log4jLoggerFactory.java:45) cache -TemplateLoader.findTemplateSource("spark/partials/head.ftl"): Found
17:49:40.805 freemarker.log._Log4jLoggerFactory$Log4jLogger.debug(_Log4jLoggerFactory.java:45) cache -Loading template for "spark/partials/head.ftl"("en", UTF-8, parsed) from "jar:file:/C:/Users/chpa1122/.m2/repository/com/aventstack/extentreports/4.0.9/extentreports-4.0.9.jar!/com/aventstack/extentreports/view/spark/partials/head.ftl"
17:49:40.806 freemarker.log._Log4jLoggerFactory$Log4jLogger.debug(_Log4jLoggerFactory.java:45) cache -Couldn't find template in cache for "commons/commons-inject-css.ftl"("en", UTF-8, parsed); will try to load it.
17:49:40.808 freemarker.log._Log4jLoggerFactory$Log4jLogger.debug(_Log4jLoggerFactory.java:45) cache -TemplateLoader.findTemplateSource("commons/commons-inject-css_en.ftl"): Not found
17:49:40.809 freemarker.log._Log4jLoggerFactory$Log4jLogger.debug(_Log4jLoggerFactory.java:45) cache -TemplateLoader.findTemplateSource("commons/commons-inject-css.ftl"): Found
17:49:40.809 freemarker.log._Log4jLoggerFactory$Log4jLogger.debug(_Log4jLoggerFactory.java:45) cache -Loading template for "commons/commons-inject-css.ftl"("en", UTF-8, parsed) from "jar:file:/C:/Users/chpa1122/.m2/repository/com/aventstack/extentreports/4.0.9/extentreports-4.0.9.jar!/com/aventstack/extentreports/view/commons/commons-inject-css.ftl"
17:49:40.811 freemarker.log._Log4jLoggerFactory$Log4jLogger.debug(_Log4jLoggerFactory.java:45) cache -Couldn't find template in cache for "spark/partials/navbar.ftl"("en", UTF-8, parsed); will try to load it.
17:49:40.812 freemarker.log._Log4jLoggerFactory$Log4jLogger.debug(_Log4jLoggerFactory.java:45) cache -TemplateLoader.findTemplateSource("spark/partials/navbar_en.ftl"): Not found
17:49:40.813 freemarker.log._Log4jLoggerFactory$Log4jLogger.debug(_Log4jLoggerFactory.java:45) cache -TemplateLoader.findTemplateSource("spark/partials/navbar.ftl"): Found
17:49:40.813 freemarker.log._Log4jLoggerFactory$Log4jLogger.debug(_Log4jLoggerFactory.java:45) cache -Loading template for "spark/partials/navbar.ftl"("en", UTF-8, parsed) from "jar:file:/C:/Users/chpa1122/.m2/repository/com/aventstack/extentreports/4.0.9/extentreports-4.0.9.jar!/com/aventstack/extentreports/view/spark/partials/navbar.ftl"
17:49:40.819 freemarker.log._Log4jLoggerFactory$Log4jLogger.debug(_Log4jLoggerFactory.java:45) cache -Couldn't find template in cache for "spark/partials/sidenav.ftl"("en", UTF-8, parsed); will try to load it.
17:49:40.820 freemarker.log._Log4jLoggerFactory$Log4jLogger.debug(_Log4jLoggerFactory.java:45) cache -TemplateLoader.findTemplateSource("spark/partials/sidenav_en.ftl"): Not found
17:49:40.820 freemarker.log._Log4jLoggerFactory$Log4jLogger.debug(_Log4jLoggerFactory.java:45) cache -TemplateLoader.findTemplateSource("spark/partials/sidenav.ftl"): Found
17:49:40.820 freemarker.log._Log4jLoggerFactory$Log4jLogger.debug(_Log4jLoggerFactory.java:45) cache -Loading template for "spark/partials/sidenav.ftl"("en", UTF-8, parsed) from "jar:file:/C:/Users/chpa1122/.m2/repository/com/aventstack/extentreports/4.0.9/extentreports-4.0.9.jar!/com/aventstack/extentreports/view/spark/partials/sidenav.ftl"
17:49:40.837 freemarker.log._Log4jLoggerFactory$Log4jLogger.debug(_Log4jLoggerFactory.java:45) cache -Couldn't find template in cache for "spark/partials/standard-content.ftl"("en", UTF-8, parsed); will try to load it.
17:49:40.838 freemarker.log._Log4jLoggerFactory$Log4jLogger.debug(_Log4jLoggerFactory.java:45) cache -TemplateLoader.findTemplateSource("spark/partials/standard-content_en.ftl"): Not found
17:49:40.838 freemarker.log._Log4jLoggerFactory$Log4jLogger.debug(_Log4jLoggerFactory.java:45) cache -TemplateLoader.findTemplateSource("spark/partials/standard-content.ftl"): Found
17:49:40.838 freemarker.log._Log4jLoggerFactory$Log4jLogger.debug(_Log4jLoggerFactory.java:45) cache -Loading template for "spark/partials/standard-content.ftl"("en", UTF-8, parsed) from "jar:file:/C:/Users/chpa1122/.m2/repository/com/aventstack/extentreports/4.0.9/extentreports-4.0.9.jar!/com/aventstack/extentreports/view/spark/partials/standard-content.ftl"
17:49:40.847 freemarker.log._Log4jLoggerFactory$Log4jLogger.debug(_Log4jLoggerFactory.java:45) cache -Couldn't find template in cache for "spark/partials/scripts.ftl"("en", UTF-8, parsed); will try to load it.
17:49:40.848 freemarker.log._Log4jLoggerFactory$Log4jLogger.debug(_Log4jLoggerFactory.java:45) cache -TemplateLoader.findTemplateSource("spark/partials/scripts_en.ftl"): Not found
17:49:40.849 freemarker.log._Log4jLoggerFactory$Log4jLogger.debug(_Log4jLoggerFactory.java:45) cache -TemplateLoader.findTemplateSource("spark/partials/scripts.ftl"): Found
17:49:40.849 freemarker.log._Log4jLoggerFactory$Log4jLogger.debug(_Log4jLoggerFactory.java:45) cache -Loading template for "spark/partials/scripts.ftl"("en", UTF-8, parsed) from "jar:file:/C:/Users/chpa1122/.m2/repository/com/aventstack/extentreports/4.0.9/extentreports-4.0.9.jar!/com/aventstack/extentreports/view/spark/partials/scripts.ftl"
17:49:40.853 freemarker.log._Log4jLoggerFactory$Log4jLogger.debug(_Log4jLoggerFactory.java:45) cache -Couldn't find template in cache for "spark/dashboard.ftl"("en", UTF-8, parsed); will try to load it.
17:49:40.854 freemarker.log._Log4jLoggerFactory$Log4jLogger.debug(_Log4jLoggerFactory.java:45) cache -TemplateLoader.findTemplateSource("spark/dashboard_en.ftl"): Not found
17:49:40.855 freemarker.log._Log4jLoggerFactory$Log4jLogger.debug(_Log4jLoggerFactory.java:45) cache -TemplateLoader.findTemplateSource("spark/dashboard.ftl"): Found
17:49:40.856 freemarker.log._Log4jLoggerFactory$Log4jLogger.debug(_Log4jLoggerFactory.java:45) cache -Loading template for "spark/dashboard.ftl"("en", UTF-8, parsed) from "jar:file:/C:/Users/chpa1122/.m2/repository/com/aventstack/extentreports/4.0.9/extentreports-4.0.9.jar!/com/aventstack/extentreports/view/spark/dashboard.ftl"
17:49:40.878 freemarker.log._Log4jLoggerFactory$Log4jLogger.debug(_Log4jLoggerFactory.java:45) cache -Couldn't find template in cache for "commons/commons-variables.ftl"("en", UTF-8, parsed); will try to load it.
17:49:40.880 freemarker.log._Log4jLoggerFactory$Log4jLogger.debug(_Log4jLoggerFactory.java:45) cache -TemplateLoader.findTemplateSource("commons/commons-variables_en.ftl"): Not found
17:49:40.880 freemarker.log._Log4jLoggerFactory$Log4jLogger.debug(_Log4jLoggerFactory.java:45) cache -TemplateLoader.findTemplateSource("commons/commons-variables.ftl"): Found
17:49:40.882 freemarker.log._Log4jLoggerFactory$Log4jLogger.debug(_Log4jLoggerFactory.java:45) cache -Loading template for "commons/commons-variables.ftl"("en", UTF-8, parsed) from "jar:file:/C:/Users/chpa1122/.m2/repository/com/aventstack/extentreports/4.0.9/extentreports-4.0.9.jar!/com/aventstack/extentreports/view/commons/commons-variables.ftl"
17:49:40.888 freemarker.log._Log4jLoggerFactory$Log4jLogger.debug(_Log4jLoggerFactory.java:45) cache -Couldn't find template in cache for "spark/partials/head.ftl"("en", UTF-8, parsed); will try to load it.
17:49:40.889 freemarker.log._Log4jLoggerFactory$Log4jLogger.debug(_Log4jLoggerFactory.java:45) cache -TemplateLoader.findTemplateSource("spark/partials/head_en.ftl"): Not found
17:49:40.890 freemarker.log._Log4jLoggerFactory$Log4jLogger.debug(_Log4jLoggerFactory.java:45) cache -TemplateLoader.findTemplateSource("spark/partials/head.ftl"): Found
17:49:40.891 freemarker.log._Log4jLoggerFactory$Log4jLogger.debug(_Log4jLoggerFactory.java:45) cache -Loading template for "spark/partials/head.ftl"("en", UTF-8, parsed) from "jar:file:/C:/Users/chpa1122/.m2/repository/com/aventstack/extentreports/4.0.9/extentreports-4.0.9.jar!/com/aventstack/extentreports/view/spark/partials/head.ftl"
17:49:40.893 freemarker.log._Log4jLoggerFactory$Log4jLogger.debug(_Log4jLoggerFactory.java:45) cache -Couldn't find template in cache for "commons/commons-inject-css.ftl"("en", UTF-8, parsed); will try to load it.
17:49:40.894 freemarker.log._Log4jLoggerFactory$Log4jLogger.debug(_Log4jLoggerFactory.java:45) cache -TemplateLoader.findTemplateSource("commons/commons-inject-css_en.ftl"): Not found
17:49:40.895 freemarker.log._Log4jLoggerFactory$Log4jLogger.debug(_Log4jLoggerFactory.java:45) cache -TemplateLoader.findTemplateSource("commons/commons-inject-css.ftl"): Found
17:49:40.895 freemarker.log._Log4jLoggerFactory$Log4jLogger.debug(_Log4jLoggerFactory.java:45) cache -Loading template for "commons/commons-inject-css.ftl"("en", UTF-8, parsed) from "jar:file:/C:/Users/chpa1122/.m2/repository/com/aventstack/extentreports/4.0.9/extentreports-4.0.9.jar!/com/aventstack/extentreports/view/commons/commons-inject-css.ftl"
17:49:40.896 freemarker.log._Log4jLoggerFactory$Log4jLogger.debug(_Log4jLoggerFactory.java:45) cache -Couldn't find template in cache for "spark/partials/navbar.ftl"("en", UTF-8, parsed); will try to load it.
17:49:40.897 freemarker.log._Log4jLoggerFactory$Log4jLogger.debug(_Log4jLoggerFactory.java:45) cache -TemplateLoader.findTemplateSource("spark/partials/navbar_en.ftl"): Not found
17:49:40.897 freemarker.log._Log4jLoggerFactory$Log4jLogger.debug(_Log4jLoggerFactory.java:45) cache -TemplateLoader.findTemplateSource("spark/partials/navbar.ftl"): Found
17:49:40.897 freemarker.log._Log4jLoggerFactory$Log4jLogger.debug(_Log4jLoggerFactory.java:45) cache -Loading template for "spark/partials/navbar.ftl"("en", UTF-8, parsed) from "jar:file:/C:/Users/chpa1122/.m2/repository/com/aventstack/extentreports/4.0.9/extentreports-4.0.9.jar!/com/aventstack/extentreports/view/spark/partials/navbar.ftl"
17:49:40.900 freemarker.log._Log4jLoggerFactory$Log4jLogger.debug(_Log4jLoggerFactory.java:45) cache -Couldn't find template in cache for "spark/partials/sidenav.ftl"("en", UTF-8, parsed); will try to load it.
17:49:40.902 freemarker.log._Log4jLoggerFactory$Log4jLogger.debug(_Log4jLoggerFactory.java:45) cache -TemplateLoader.findTemplateSource("spark/partials/sidenav_en.ftl"): Not found
17:49:40.902 freemarker.log._Log4jLoggerFactory$Log4jLogger.debug(_Log4jLoggerFactory.java:45) cache -TemplateLoader.findTemplateSource("spark/partials/sidenav.ftl"): Found
17:49:40.902 freemarker.log._Log4jLoggerFactory$Log4jLogger.debug(_Log4jLoggerFactory.java:45) cache -Loading template for "spark/partials/sidenav.ftl"("en", UTF-8, parsed) from "jar:file:/C:/Users/chpa1122/.m2/repository/com/aventstack/extentreports/4.0.9/extentreports-4.0.9.jar!/com/aventstack/extentreports/view/spark/partials/sidenav.ftl"
17:49:40.925 freemarker.log._Log4jLoggerFactory$Log4jLogger.debug(_Log4jLoggerFactory.java:45) cache -Couldn't find template in cache for "spark/partials/scripts.ftl"("en", UTF-8, parsed); will try to load it.
17:49:40.925 freemarker.log._Log4jLoggerFactory$Log4jLogger.debug(_Log4jLoggerFactory.java:45) cache -TemplateLoader.findTemplateSource("spark/partials/scripts_en.ftl"): Not found
17:49:40.927 freemarker.log._Log4jLoggerFactory$Log4jLogger.debug(_Log4jLoggerFactory.java:45) cache -TemplateLoader.findTemplateSource("spark/partials/scripts.ftl"): Found
17:49:40.927 freemarker.log._Log4jLoggerFactory$Log4jLogger.debug(_Log4jLoggerFactory.java:45) cache -Loading template for "spark/partials/scripts.ftl"("en", UTF-8, parsed) from "jar:file:/C:/Users/chpa1122/.m2/repository/com/aventstack/extentreports/4.0.9/extentreports-4.0.9.jar!/com/aventstack/extentreports/view/spark/partials/scripts.ftl"
